<?xml version="1.0" encoding="UTF-8"?>
<!-- Generated by org.testng.reporters.JUnitXMLReporter -->
<testsuite ignored="6" hostname="Dhruv" failures="0" tests="5" name="Test" time="0.102" errors="0" timestamp="16 अप्रैल 2023 04:07:00 GMT">
  <testcase classname="testcase.CreditCardTest" name="test2" time="0.007"/>
  <testcase classname="testcase.CreditCardTest" name="test3" time="0.005"/>
  <testcase classname="testcase.HomeLoanTest" name="test3" time="0.005"/>
  <testcase classname="testcase.CreditCardTest" name="test1" time="0.008"/>
  <testcase classname="testcase.HomeLoanTest" name="test2" time="0.006"/>
  <testcase classname="testcase.BaseClass" name="@AfterTest after" time="0.0">
    <ignored/>
  </testcase> <!-- @AfterTest after -->
  <testcase classname="testcase.BaseClass" name="@AfterTest after" time="0.0">
    <ignored/>
  </testcase> <!-- @AfterTest after -->
  <testcase classname="testcase.HomeLoanTest" name="test1" time="0.0">
    <ignored/>
  </testcase> <!-- test1 -->
  <testcase classname="testcase.CarLoanTest" name="test1" time="0.0">
    <ignored/>
  </testcase> <!-- test1 -->
  <testcase classname="testcase.BaseClass" name="@BeforeTest befor" time="0.0">
    <ignored/>
  </testcase> <!-- @BeforeTest befor -->
  <testcase classname="testcase.BaseClass" name="@BeforeTest befor" time="0.0">
    <ignored/>
  </testcase> <!-- @BeforeTest befor -->
</testsuite> <!-- Test -->
