<?xml version="1.0" encoding="UTF-8"?>
<!-- Generated by org.testng.reporters.JUnitXMLReporter -->
<testsuite hostname="Dhruv" ignored="6" name="Test" tests="6" failures="0" timestamp="१६ अप्रैल २०२३ ०४:५३:३१ GMT" time="0.052" errors="0">
  <testcase name="test2" time="0.001" classname="testcase.CreditCardTest"/>
  <testcase name="test4" time="0.0" classname="testcase.CreditCardTest"/>
  <testcase name="test3" time="0.0" classname="testcase.CreditCardTest"/>
  <testcase name="test3" time="0.0" classname="testcase.HomeLoanTest"/>
  <testcase name="test1" time="0.0" classname="testcase.CreditCardTest"/>
  <testcase name="test2" time="0.0" classname="testcase.HomeLoanTest"/>
  <testcase name="@AfterTest after" time="0.0" classname="testcase.BaseClass">
    <ignored/>
  </testcase> <!-- @AfterTest after -->
  <testcase name="@AfterTest after" time="0.0" classname="testcase.BaseClass">
    <ignored/>
  </testcase> <!-- @AfterTest after -->
  <testcase name="test1" time="0.0" classname="testcase.HomeLoanTest">
    <ignored/>
  </testcase> <!-- test1 -->
  <testcase name="test1" time="0.0" classname="testcase.CarLoanTest">
    <ignored/>
  </testcase> <!-- test1 -->
  <testcase name="@BeforeTest befor" time="0.0" classname="testcase.BaseClass">
    <ignored/>
  </testcase> <!-- @BeforeTest befor -->
  <testcase name="@BeforeTest befor" time="0.0" classname="testcase.BaseClass">
    <ignored/>
  </testcase> <!-- @BeforeTest befor -->
</testsuite> <!-- Test -->
