<?xml version="1.0" encoding="UTF-8"?>
<!-- Generated by org.testng.reporters.JUnitXMLReporter -->
<testsuite ignored="8" hostname="Dhruv" failures="0" tests="2" name="Test" time="0.069" errors="0" timestamp="16 अप्रैल 2023 04:27:11 GMT">
  <testcase classname="testcase.CreditCardTest" name="test4" time="0.01"/>
  <testcase classname="testcase.HomeLoanTest" name="test3" time="0.004"/>
  <testcase classname="testcase.HomeLoanTest" name="test2" time="0.0">
    <ignored/>
  </testcase> <!-- test2 -->
  <testcase classname="testcase.CreditCardTest" name="test1" time="0.0">
    <ignored/>
  </testcase> <!-- test1 -->
  <testcase classname="testcase.CreditCardTest" name="test2" time="0.0">
    <ignored/>
  </testcase> <!-- test2 -->
  <testcase classname="testcase.CreditCardTest" name="test3" time="0.0">
    <ignored/>
  </testcase> <!-- test3 -->
  <testcase classname="testcase.HomeLoanTest" name="test1" time="0.0">
    <ignored/>
  </testcase> <!-- test1 -->
  <testcase classname="testcase.CarLoanTest" name="test1" time="0.0">
    <ignored/>
  </testcase> <!-- test1 -->
  <testcase classname="testcase.BaseClass" name="@BeforeTest befor" time="0.0">
    <ignored/>
  </testcase> <!-- @BeforeTest befor -->
  <testcase classname="testcase.BaseClass" name="@BeforeTest befor" time="0.0">
    <ignored/>
  </testcase> <!-- @BeforeTest befor -->
</testsuite> <!-- Test -->
